<?xml version="1.0" encoding="UTF-8"?>
<!-- Generated by org.testng.reporters.JUnitReportReporter -->
<testsuite hostname="QSP" failures="0" tests="1" name="testNg.Test3" time="0.004" errors="0" timestamp="2022-03-05T08:37:40 IST" skipped="0">
  <testcase classname="testNg.Test3" name="tc3" time="0.004"/>
</testsuite> <!-- testNg.Test3 -->
