<?xml version="1.0" encoding="UTF-8"?>
<!-- Generated by org.testng.reporters.JUnitReportReporter -->
<testsuite hostname="QSP" failures="0" tests="1" name="sample.Test2" time="0.003" errors="0" timestamp="2022-01-30T10:09:51 IST" skipped="0">
  <testcase classname="sample.Test2" name="tc3" time="0.003"/>
  <system-out>
hello Python  </system-out>
</testsuite> <!-- sample.Test2 -->
