<?xml version="1.0" encoding="UTF-8"?>
<!-- Generated by org.testng.reporters.JUnitReportReporter -->
<testsuite hostname="QSP" failures="0" tests="3" name="testNg.Test12" time="23.599" errors="0" timestamp="2022-03-05T10:07:55 IST" skipped="0">
  <testcase classname="testNg.Test12" name="demo" time="7.340"/>
  <testcase classname="testNg.Test12" name="demo" time="9.299"/>
  <testcase classname="testNg.Test12" name="demo" time="6.960"/>
</testsuite> <!-- testNg.Test12 -->
