<?xml version="1.0" encoding="UTF-8"?>
<!-- Generated by org.testng.reporters.JUnitReportReporter -->
<testsuite hostname="QSP" failures="0" tests="1" name="testNg.Test1" time="0.006" errors="0" timestamp="2022-03-05T08:37:40 IST" skipped="0">
  <testcase classname="testNg.Test1" name="tc1" time="0.006"/>
</testsuite> <!-- testNg.Test1 -->
