<?xml version="1.0" encoding="UTF-8"?>
<!-- Generated by org.testng.reporters.JUnitReportReporter -->
<testsuite hostname="QSP" failures="0" tests="1" name="sample.Test1" time="0.007" errors="0" timestamp="2022-01-30T10:09:51 IST" skipped="0">
  <testcase classname="sample.Test1" name="tc2" time="0.007"/>
  <system-out>
hello Selenium  </system-out>
</testsuite> <!-- sample.Test1 -->
