<?xml version="1.0" encoding="UTF-8"?>
<!-- Generated by org.testng.reporters.JUnitReportReporter -->
<testsuite hostname="QSP" failures="0" tests="1" name="testNg.Testcase3" time="11.007" errors="0" timestamp="2022-03-05T08:51:47 IST" skipped="0">
  <testcase classname="testNg.Testcase3" name="tc3" time="11.007"/>
</testsuite> <!-- testNg.Testcase3 -->
