<?xml version="1.0" encoding="UTF-8"?>
<!-- Generated by org.testng.reporters.JUnitReportReporter -->
<testsuite hostname="QSP" failures="0" tests="1" name="dataDriven.Test0" time="8.683" errors="0" timestamp="2022-02-26T10:16:38 IST" skipped="0">
  <testcase classname="dataDriven.Test0" name="createUser" time="8.683"/>
</testsuite> <!-- dataDriven.Test0 -->
