<?xml version="1.0" encoding="UTF-8"?>
<!-- Generated by org.testng.reporters.JUnitReportReporter -->
<testsuite hostname="QSP" failures="0" tests="1" name="testNg.Test2" time="0.003" errors="0" timestamp="2022-03-05T08:37:40 IST" skipped="0">
  <testcase classname="testNg.Test2" name="tc2" time="0.003"/>
</testsuite> <!-- testNg.Test2 -->
