<?xml version="1.0" encoding="UTF-8"?>
<!-- Generated by org.testng.reporters.JUnitReportReporter -->
<testsuite hostname="QSP" failures="0" tests="2" name="seleniumGrid.Test1" time="52.070" errors="0" timestamp="2022-03-12T10:00:13 IST" skipped="0">
  <testcase classname="seleniumGrid.Test1" name="demo" time="7.688"/>
  <testcase classname="seleniumGrid.Test1" name="demo" time="44.382"/>
</testsuite> <!-- seleniumGrid.Test1 -->
