<?xml version="1.0" encoding="UTF-8"?>
<!-- Generated by org.testng.reporters.JUnitReportReporter -->
<testsuite hostname="QSP" failures="0" tests="1" name="testNg.Test8" time="0.001" errors="0" timestamp="2022-03-05T08:37:40 IST" skipped="0">
  <testcase classname="testNg.Test8" name="tc5" time="0.001"/>
</testsuite> <!-- testNg.Test8 -->
