<?xml version="1.0" encoding="UTF-8"?>
<!-- Generated by org.testng.reporters.JUnitReportReporter -->
<testsuite hostname="QSP" failures="0" tests="1" name="testNg.Testcase2" time="12.379" errors="0" timestamp="2022-03-05T08:51:47 IST" skipped="0">
  <testcase classname="testNg.Testcase2" name="tc2" time="12.379"/>
</testsuite> <!-- testNg.Testcase2 -->
