<?xml version="1.0" encoding="UTF-8"?>
<!-- Generated by org.testng.reporters.JUnitReportReporter -->
<testsuite hostname="QSP" failures="0" tests="1" name="seleniumGrid.Test0" time="6.345" errors="0" timestamp="2022-03-12T09:41:21 IST" skipped="0">
  <testcase classname="seleniumGrid.Test0" name="demo" time="6.345"/>
</testsuite> <!-- seleniumGrid.Test0 -->
