<?xml version="1.0" encoding="UTF-8"?>
<!-- Generated by org.testng.reporters.JUnitReportReporter -->
<testsuite hostname="QSP" failures="0" tests="1" name="sample.Test0" time="0.002" errors="0" timestamp="2022-01-30T10:09:51 IST" skipped="0">
  <testcase classname="sample.Test0" name="tc1" time="0.002"/>
  <system-out>
hello java  </system-out>
</testsuite> <!-- sample.Test0 -->
