<?xml version="1.0" encoding="UTF-8"?>
<!-- Generated by org.testng.reporters.JUnitReportReporter -->
<testsuite hostname="QSP" failures="0" tests="2" name="testNg.Demo" time="0.024" errors="0" timestamp="2022-03-05T09:51:38 IST" skipped="0">
  <testcase classname="testNg.Demo" name="deleteCustomer" time="0.008"/>
  <testcase classname="testNg.Demo" name="createCustomer" time="0.016"/>
</testsuite> <!-- testNg.Demo -->
